Thu 07 Sep 2023 12:52:08 AM UTC: 
 hashmap.c | 23 ++++++++++++++++++++++-
 1 file changed, 22 insertions(+), 1 deletion(-)
In file included from test.c:4:
hashmap.c: In function ‘createMap’:
hashmap.c:65:18: error: assignment to ‘Pair **’ from incompatible pointer type ‘void **’ [-Werror=incompatible-pointer-types]
   65 |     map->buckets = (void **)malloc(sizeof(void *) * capacity);
      |                  ^
cc1: all warnings being treated as errors
Compilation failed
a278350
Thu 07 Sep 2023 12:54:34 AM UTC: 
 hashmap.c | 3 +--
 1 file changed, 1 insertion(+), 2 deletions(-)
In file included from test.c:4:
hashmap.c: In function ‘createMap’:
hashmap.c:64:21: error: ‘Bucket’ undeclared (first use in this function)
   64 |     map->buckets = (Bucket **)malloc(sizeof(Bucket *) * capacity);
      |                     ^~~~~~
hashmap.c:64:21: note: each undeclared identifier is reported only once for each function it appears in
hashmap.c:64:30: error: expected expression before ‘)’ token
   64 |     map->buckets = (Bucket **)malloc(sizeof(Bucket *) * capacity);
      |                              ^
Compilation failed
3a1a0f9
Thu 07 Sep 2023 01:01:35 AM UTC: 
 hashmap.c | 15 ++++++++++++++-
 1 file changed, 14 insertions(+), 1 deletion(-)
 tests:  0|6
total_score: 0/70
b6e01c8
Thu 07 Sep 2023 01:03:21 AM UTC: 
 hashmap.c | 14 +++-----------
 1 file changed, 3 insertions(+), 11 deletions(-)
 tests:  0|6
total_score: 0/70
c922f08
Thu 07 Sep 2023 01:10:56 AM UTC: 
 hashmap.c | 15 +++++++++++----
 1 file changed, 11 insertions(+), 4 deletions(-)
 tests:  0|6
total_score: 0/70
ed61ac1
Thu 07 Sep 2023 01:11:47 AM UTC: 
 hashmap.c | 12 +-----------
 1 file changed, 1 insertion(+), 11 deletions(-)
 tests:  0|6
total_score: 0/70
81d158c
Thu 07 Sep 2023 01:13:23 AM UTC: 
 hashmap.c | 16 +++++++++++++++-
 1 file changed, 15 insertions(+), 1 deletion(-)
 tests:  0|6
total_score: 0/70
25d5632
Thu 07 Sep 2023 01:15:25 AM UTC: 
 hashmap.c | 19 ++++---------------
 1 file changed, 4 insertions(+), 15 deletions(-)
In file included from test.c:4:
hashmap.c: In function ‘createMap’:
hashmap.c:68:21: error: ‘Bucket’ undeclared (first use in this function)
   68 |     map->buckets = (Bucket **)malloc(sizeof(Bucket *) * capacity);
      |                     ^~~~~~
hashmap.c:68:21: note: each undeclared identifier is reported only once for each function it appears in
hashmap.c:68:30: error: expected expression before ‘)’ token
   68 |     map->buckets = (Bucket **)malloc(sizeof(Bucket *) * capacity);
      |                              ^
Compilation failed
07323f5
Thu 07 Sep 2023 01:15:40 AM UTC: 
 hashmap.c | 2 +-
 1 file changed, 1 insertion(+), 1 deletion(-)
 tests:  0|6
total_score: 0/70
ea3596b
Thu 07 Sep 2023 03:43:49 PM UTC: 
 hashmap.c | 28 +++++++++++++---------------
 1 file changed, 13 insertions(+), 15 deletions(-)
In file included from test.c:4:
hashmap.c: In function ‘createMap’:
hashmap.c:55:38: error: passing argument 1 of ‘realloc’ makes pointer from integer without a cast [-Werror=int-conversion]
   55 |     HashMap* map = (HashMap*)realloc(sizeof(HashMap));
      |                                      ^~~~~~~~~~~~~~~
      |                                      |
      |                                      long unsigned int
In file included from test.c:2:
/nix/store/4pqv2mwdn88h7xvsm7a5zplrd8sxzvw0-glibc-2.35-163-dev/include/stdlib.h:551:29: note: expected ‘void *’ but argument is of type ‘long unsigned int’
  551 | extern void *realloc (void *__ptr, size_t __size)
      |                       ~~~~~~^~~~~
In file included from test.c:4:
hashmap.c:55:30: error: too few arguments to function ‘realloc’
   55 |     HashMap* map = (HashMap*)realloc(sizeof(HashMap));
      |                              ^~~~~~~
In file included from test.c:2:
/nix/store/4pqv2mwdn88h7xvsm7a5zplrd8sxzvw0-glibc-2.35-163-dev/include/stdlib.h:551:14: note: declared here
  551 | extern void *realloc (void *__ptr, size_t __size)
      |              ^~~~~~~
cc1: all warnings being treated as errors
Compilation failed
c432d48
Thu 07 Sep 2023 03:44:19 PM UTC: 
 hashmap.c | 2 +-
 1 file changed, 1 insertion(+), 1 deletion(-)
 tests:  1|5
total_score: 10/70
aa036d9
Thu 07 Sep 2023 03:46:46 PM UTC: 
 hashmap.c | 25 +++++++++++++++++++++++++
 1 file changed, 25 insertions(+)
In file included from test.c:4:
hashmap.c: In function ‘insertMap’:
hashmap.c:47:18: error: called object ‘map’ is not a function or function pointer
   47 |     long index = map(key, map->capacity);
      |                  ^~~
hashmap.c:42:26: note: declared here
   42 | void insertMap(HashMap * map, char * key, void * value) {
      |                ~~~~~~~~~~^~~
hashmap.c: At top level:
hashmap.c:70:1: error: expected identifier or ‘(’ before ‘}’ token
   70 | }
      | ^
Compilation failed
d193072
Thu 07 Sep 2023 03:47:48 PM UTC: 
 hashmap.c | 2 +-
 1 file changed, 1 insertion(+), 1 deletion(-)
In file included from test.c:4:
hashmap.c: In function ‘insertMap’:
hashmap.c:47:18: error: called object ‘map’ is not a function or function pointer
   47 |     long index = map(key, map->capacity);
      |                  ^~~
hashmap.c:42:26: note: declared here
   42 | void insertMap(HashMap * map, char * key, void * value) {
      |                ~~~~~~~~~~^~~
hashmap.c: At top level:
hashmap.c:70:1: error: expected identifier or ‘(’ before ‘}’ token
   70 | }
      | ^
Compilation failed
03bf1ea
Thu 07 Sep 2023 03:52:16 PM UTC: 
 hashmap.c | 14 ++++++--------
 1 file changed, 6 insertions(+), 8 deletions(-)
 tests:  5|4
total_score: 30/70
3f063b5
Fri 08 Sep 2023 11:22:29 PM UTC: 
 hashmap.c | 20 ++++++++++++++++++++
 1 file changed, 20 insertions(+)
In file included from test.c:4:
hashmap.c: In function ‘searchMap’:
hashmap.c:125:16: error: returning ‘int’ from a function with return type ‘Pair *’ makes pointer from integer without a cast [-Werror=int-conversion]
  125 |         return currentIndex;
      |                ^~~~~~~~~~~~
hashmap.c:113:9: error: unused variable ‘aux’ [-Werror=unused-variable]
  113 |     int aux;
      |         ^~~
cc1: all warnings being treated as errors
Compilation failed
ac3bfc1
Fri 08 Sep 2023 11:22:54 PM UTC: 
 hashmap.c | 4 ++--
 1 file changed, 2 insertions(+), 2 deletions(-)
In file included from test.c:4:
hashmap.c: In function ‘searchMap’:
hashmap.c:113:9: error: unused variable ‘aux’ [-Werror=unused-variable]
  113 |     int aux;
      |         ^~~
cc1: all warnings being treated as errors
Compilation failed
d4e2e58
Fri 08 Sep 2023 11:23:02 PM UTC: 
 hashmap.c | 1 -
 1 file changed, 1 deletion(-)
 tests:  0|0
6b83550
Fri 08 Sep 2023 11:23:25 PM UTC: 
 hashmap.c | 4 ++--
 1 file changed, 2 insertions(+), 2 deletions(-)
 tests:  0|0
943aaf3
Fri 08 Sep 2023 11:23:38 PM UTC: 
 hashmap.c | 2 +-
 1 file changed, 1 insertion(+), 1 deletion(-)
 tests:  0|0
1e118ab
Fri 08 Sep 2023 11:28:02 PM UTC: 
 hashmap.c | 9 +++------
 1 file changed, 3 insertions(+), 6 deletions(-)
 tests:  0|0
9388d85
Fri 08 Sep 2023 11:30:34 PM UTC: 
 hashmap.c | 20 +++++---------------
 1 file changed, 5 insertions(+), 15 deletions(-)
 tests:  6|4
total_score: 30/70
d740c3b
Fri 08 Sep 2023 11:31:17 PM UTC: 
 hashmap.c | 1 +
 1 file changed, 1 insertion(+)
 tests:  0|0
c03da1d
Fri 08 Sep 2023 11:31:48 PM UTC: 
 hashmap.c | 1 +
 1 file changed, 1 insertion(+)
 tests:  0|0
b692186
Fri 08 Sep 2023 11:35:08 PM UTC: 
 hashmap.c | 16 ++++++++++++++--
 1 file changed, 14 insertions(+), 2 deletions(-)
 tests:  0|0
936ad88
Fri 08 Sep 2023 11:36:54 PM UTC: 
 hashmap.c | 5 +----
 1 file changed, 1 insertion(+), 4 deletions(-)
 tests:  0|0
bb4179e
Sat 09 Sep 2023 12:59:25 AM UTC: 
 hashmap.c | 17 +++++------------
 1 file changed, 5 insertions(+), 12 deletions(-)
test.c: In function ‘searchMap’:
test.c:453:5: error: ‘main’ is normally a non-static function [-Werror=main]
  453 | int main( int argc, char *argv[] ) {
      |     ^~~~
test.c:511:1: error: expected declaration or statement at end of input
  511 | }
      | ^
test.c:512: error: control reaches end of non-void function [-Werror=return-type]
At top level:
test.c:453:5: error: ‘main’ defined but not used [-Werror=unused-function]
  453 | int main( int argc, char *argv[] ) {
      |     ^~~~
test.c:217:5: error: ‘insert_test5’ defined but not used [-Werror=unused-function]
  217 | int insert_test5(){ //factor de carga>0.7, se llama a función enlarge
      |     ^~~~~~~~~~~~
test.c:131:6: error: ‘compare_test’ defined but not used [-Werror=unused-function]
  131 | void compare_test(){
      |      ^~~~~~~~~~~~
test.c:125:6: error: ‘hash_test3’ defined but not used [-Werror=unused-function]
  125 | void hash_test3(){ //no random
      |      ^~~~~~~~~~
test.c:111:6: error: ‘hash_test2’ defined but not used [-Werror=unused-function]
  111 | void hash_test2(){ // colisiones
      |      ^~~~~~~~~~
test.c:100:6: error: ‘hash_test1’ defined but not used [-Werror=unused-function]
  100 | void hash_test1(){ // posición válida
      |      ^~~~~~~~~~
cc1: all warnings being treated as errors
Compilation failed
72210fb
Sat 09 Sep 2023 01:00:07 AM UTC: 
 hashmap.c | 1 -
 1 file changed, 1 deletion(-)
 tests:  0|0
7e253b8
Sat 09 Sep 2023 01:01:57 AM UTC: 
 hashmap.c | 13 +++++++++----
 1 file changed, 9 insertions(+), 4 deletions(-)
In file included from test.c:4:
hashmap.c: In function ‘searchMap’:
hashmap.c:117:34: error: ‘struct Pair’ has no member named ‘next’
  117 |         currentPair = currentPair->next; // Avanzar a la siguiente pareja en la lista enlazada
      |                                  ^~
test.c: In function ‘searchMap’:
test.c:453:5: error: ‘main’ is normally a non-static function [-Werror=main]
  453 | int main( int argc, char *argv[] ) {
      |     ^~~~
test.c:511:1: error: expected declaration or statement at end of input
  511 | }
      | ^
test.c:512: error: control reaches end of non-void function [-Werror=return-type]
At top level:
test.c:453:5: error: ‘main’ defined but not used [-Werror=unused-function]
  453 | int main( int argc, char *argv[] ) {
      |     ^~~~
test.c:217:5: error: ‘insert_test5’ defined but not used [-Werror=unused-function]
  217 | int insert_test5(){ //factor de carga>0.7, se llama a función enlarge
      |     ^~~~~~~~~~~~
test.c:131:6: error: ‘compare_test’ defined but not used [-Werror=unused-function]
  131 | void compare_test(){
      |      ^~~~~~~~~~~~
test.c:125:6: error: ‘hash_test3’ defined but not used [-Werror=unused-function]
  125 | void hash_test3(){ //no random
      |      ^~~~~~~~~~
test.c:111:6: error: ‘hash_test2’ defined but not used [-Werror=unused-function]
  111 | void hash_test2(){ // colisiones
      |      ^~~~~~~~~~
test.c:100:6: error: ‘hash_test1’ defined but not used [-Werror=unused-function]
  100 | void hash_test1(){ // posición válida
      |      ^~~~~~~~~~
cc1: all warnings being treated as errors
Compilation failed
3052968
Sat 09 Sep 2023 01:02:05 AM UTC: 
 hashmap.c | 1 -
 1 file changed, 1 deletion(-)
In file included from test.c:4:
hashmap.c: In function ‘searchMap’:
hashmap.c:116:34: error: ‘struct Pair’ has no member named ‘next’
  116 |         currentPair = currentPair->next; // Avanzar a la siguiente pareja en la lista enlazada
      |                                  ^~
Compilation failed
1214541
Sat 09 Sep 2023 01:03:35 AM UTC: 
 hashmap.c | 26 +++++++++++++++++---------
 1 file changed, 17 insertions(+), 9 deletions(-)
 tests:  8|3
total_score: 40/70
8e5b778
Sat 09 Sep 2023 01:06:04 AM UTC: 
 hashmap.c | 20 ++++++++++++++------
 1 file changed, 14 insertions(+), 6 deletions(-)
 tests:  8|3
total_score: 40/70
f79b815
